Determining if the pthread_create exist failed with the following output:
Change Dir: /home/agilex/xiaoche_ws/build/CMakeFiles/CMakeTmp

Run Build Command:"/usr/bin/make" "cmTC_a76bf/fast"
/usr/bin/make -f CMakeFiles/cmTC_a76bf.dir/build.make CMakeFiles/cmTC_a76bf.dir/build
make[1]: Entering directory '/home/agilex/xiaoche_ws/build/CMakeFiles/CMakeTmp'
Building C object CMakeFiles/cmTC_a76bf.dir/CheckSymbolExists.c.o
/usr/bin/cc    -o CMakeFiles/cmTC_a76bf.dir/CheckSymbolExists.c.o   -c /home/agilex/xiaoche_ws/build/CMakeFiles/CMakeTmp/CheckSymbolExists.c
Linking C executable cmTC_a76bf
/usr/bin/cmake -E cmake_link_script CMakeFiles/cmTC_a76bf.dir/link.txt --verbose=1
/usr/bin/cc      -rdynamic CMakeFiles/cmTC_a76bf.dir/CheckSymbolExists.c.o  -o cmTC_a76bf 
CMakeFiles/cmTC_a76bf.dir/CheckSymbolExists.c.o: In function `main':
CheckSymbolExists.c:(.text+0x14): undefined reference to `pthread_create'
CheckSymbolExists.c:(.text+0x18): undefined reference to `pthread_create'
collect2: error: ld returned 1 exit status
CMakeFiles/cmTC_a76bf.dir/build.make:97: recipe for target 'cmTC_a76bf' failed
make[1]: *** [cmTC_a76bf] Error 1
make[1]: Leaving directory '/home/agilex/xiaoche_ws/build/CMakeFiles/CMakeTmp'
Makefile:126: recipe for target 'cmTC_a76bf/fast' failed
make: *** [cmTC_a76bf/fast] Error 2

File /home/agilex/xiaoche_ws/build/CMakeFiles/CMakeTmp/CheckSymbolExists.c:
/* */
#include <pthread.h>

int main(int argc, char** argv)
{
  (void)argv;
#ifndef pthread_create
  return ((int*)(&pthread_create))[argc];
#else
  (void)argc;
  return 0;
#endif
}

Determining if the function pthread_create exists in the pthreads failed with the following output:
Change Dir: /home/agilex/xiaoche_ws/build/CMakeFiles/CMakeTmp

Run Build Command:"/usr/bin/make" "cmTC_2ed4d/fast"
/usr/bin/make -f CMakeFiles/cmTC_2ed4d.dir/build.make CMakeFiles/cmTC_2ed4d.dir/build
make[1]: Entering directory '/home/agilex/xiaoche_ws/build/CMakeFiles/CMakeTmp'
Building C object CMakeFiles/cmTC_2ed4d.dir/CheckFunctionExists.c.o
/usr/bin/cc   -DCHECK_FUNCTION_EXISTS=pthread_create   -o CMakeFiles/cmTC_2ed4d.dir/CheckFunctionExists.c.o   -c /usr/share/cmake-3.10/Modules/CheckFunctionExists.c
Linking C executable cmTC_2ed4d
/usr/bin/cmake -E cmake_link_script CMakeFiles/cmTC_2ed4d.dir/link.txt --verbose=1
/usr/bin/cc  -DCHECK_FUNCTION_EXISTS=pthread_create    -rdynamic CMakeFiles/cmTC_2ed4d.dir/CheckFunctionExists.c.o  -o cmTC_2ed4d -lpthreads 
/usr/bin/ld: cannot find -lpthreads
collect2: error: ld returned 1 exit status
CMakeFiles/cmTC_2ed4d.dir/build.make:97: recipe for target 'cmTC_2ed4d' failed
make[1]: *** [cmTC_2ed4d] Error 1
make[1]: Leaving directory '/home/agilex/xiaoche_ws/build/CMakeFiles/CMakeTmp'
Makefile:126: recipe for target 'cmTC_2ed4d/fast' failed
make: *** [cmTC_2ed4d/fast] Error 2


